# do {tb_hs_dual_da_compile.do}
# ** Warning: (vlib-34) Library already exists at "modelsim_lib/work".
# Errors: 0, Warnings: 1
# ** Warning: (vlib-34) Library already exists at "modelsim_lib/msim".
# Errors: 0, Warnings: 1
# ** Warning: (vlib-34) Library already exists at "modelsim_lib/msim/xil_defaultlib".
# Errors: 0, Warnings: 1
# Model Technology ModelSim SE-64 vmap 2020.4 Lib Mapping Utility 2020.10 Oct 13 2020
# vmap xil_defaultlib modelsim_lib/msim/xil_defaultlib 
# Modifying modelsim.ini
# Model Technology ModelSim SE-64 vlog 2020.4 Compiler 2020.10 Oct 13 2020
# Start time: 14:26:25 on Jun 20,2023
# vlog -incr -work xil_defaultlib "+incdir+../../../../hs_dual_da.gen/sources_1/ip/clk_wiz_0" ../../../../hs_dual_da.gen/sources_1/ip/rom_1024x10b/sim/rom_1024x10b.v ../../../../hs_dual_da.gen/sources_1/ip/clk_wiz_0/clk_wiz_0_clk_wiz.v ../../../../hs_dual_da.gen/sources_1/ip/clk_wiz_0/clk_wiz_0.v ../../../../../rtl/da_wave_send.v ../../../../../rtl/hs_dual_da.v ../../../../../sim/tb/tb_hs_dual_da.v 
# -- Compiling module rom_1024x10b
# -- Compiling module clk_wiz_0_clk_wiz
# -- Compiling module clk_wiz_0
# -- Compiling module da_wave_send
# -- Compiling module hs_dual_da
# -- Compiling module tb_hs_dual_da
# 
# Top level modules:
# 	tb_hs_dual_da
# End time: 14:26:25 on Jun 20,2023, Elapsed time: 0:00:00
# Errors: 0, Warnings: 0
# Model Technology ModelSim SE-64 vlog 2020.4 Compiler 2020.10 Oct 13 2020
# Start time: 14:26:25 on Jun 20,2023
# vlog -work xil_defaultlib glbl.v 
# -- Compiling module glbl
# 
# Top level modules:
# 	glbl
# End time: 14:26:25 on Jun 20,2023, Elapsed time: 0:00:00
# Errors: 0, Warnings: 0
