Copyright 1986-2020 Xilinx, Inc. All Rights Reserved.
------------------------------------------------------------------------------------------------
| Tool Version : Vivado v.2020.2 (win64) Build 3064766 Wed Nov 18 09:12:45 MST 2020
| Date         : Tue Nov 11 12:01:45 2025
| Host         : DESKTOP-4KALS5N running 64-bit major release  (build 9200)
| Command      : report_control_sets -verbose -file hs_dual_da_hdmi_top_control_sets_placed.rpt
| Design       : hs_dual_da_hdmi_top
| Device       : xc7a35t
------------------------------------------------------------------------------------------------

Control Set Information

Table of Contents
-----------------
1. Summary
2. Histogram
3. Flip-Flop Distribution
4. Detailed Control Set Information

1. Summary
----------

+----------------------------------------------------------+-------+
|                          Status                          | Count |
+----------------------------------------------------------+-------+
| Total control sets                                       |    74 |
|    Minimum number of control sets                        |    74 |
|    Addition due to synthesis replication                 |     0 |
|    Addition due to physical synthesis replication        |     0 |
| Unused register locations in slices containing registers |   253 |
+----------------------------------------------------------+-------+
* Control sets can be merged at opt_design using control_set_merge or merge_equivalent_drivers
** Run report_qor_suggestions for automated merging and remapping suggestions


2. Histogram
------------

+--------------------+-------+
|       Fanout       | Count |
+--------------------+-------+
| Total control sets |    74 |
| >= 0 to < 4        |     1 |
| >= 4 to < 6        |     8 |
| >= 6 to < 8        |     5 |
| >= 8 to < 10       |     2 |
| >= 10 to < 12      |     0 |
| >= 12 to < 14      |    38 |
| >= 14 to < 16      |     0 |
| >= 16              |    20 |
+--------------------+-------+
* Control sets can be remapped at either synth_design or opt_design


3. Flip-Flop Distribution
-------------------------

+--------------+-----------------------+------------------------+-----------------+--------------+
| Clock Enable | Synchronous Set/Reset | Asynchronous Set/Reset | Total Registers | Total Slices |
+--------------+-----------------------+------------------------+-----------------+--------------+
| No           | No                    | No                     |              35 |           20 |
| No           | No                    | Yes                    |             408 |          124 |
| No           | Yes                   | No                     |              12 |            3 |
| Yes          | No                    | No                     |              16 |            5 |
| Yes          | No                    | Yes                    |             856 |          244 |
| Yes          | Yes                   | No                     |              60 |           13 |
+--------------+-----------------------+------------------------+-----------------+--------------+


4. Detailed Control Set Information
-----------------------------------

+----------------------------+---------------------------------------------------------------------------------------------------------------------------------------+-----------------------------------------------+------------------+----------------+--------------+
|        Clock Signal        |                                                             Enable Signal                                                             |                Set/Reset Signal               | Slice Load Count | Bel Load Count | Bels / Slice |
+----------------------------+---------------------------------------------------------------------------------------------------------------------------------------+-----------------------------------------------+------------------+----------------+--------------+
|  usb_clk_60m_IBUF_BUFG     |                                                                                                                                       |                                               |                1 |              1 |         1.00 |
|  u_clk_wiz_0/inst/clk_out3 | u_hs_dual_da/u_seg_led/u_binary2bcd/data_shift[35]                                                                                    | u_hs_dual_da/u_seg_led/u_binary2bcd/sys_rst_n |                1 |              4 |         4.00 |
|  u_clk_wiz_0/inst/clk_out3 | u_key3_debounce/E[0]                                                                                                                  | u_hs_adc_top_60m/sys_rst_n                    |                1 |              4 |         4.00 |
|  u_clk_wiz_0/inst/clk_out3 | u_hs_dual_da/u_seg_led/u_binary2bcd/data_shift[27]                                                                                    | u_hs_dual_da/u_seg_led/u_binary2bcd/sys_rst_n |                1 |              4 |         4.00 |
|  u_clk_wiz_0/inst/clk_out3 | u_hs_dual_da/u_seg_led/u_binary2bcd/data_shift[39]                                                                                    | u_hs_dual_da/u_seg_led/u_binary2bcd/sys_rst_n |                1 |              4 |         4.00 |
|  u_clk_wiz_0/inst/clk_out3 | u_hs_dual_da/u_seg_led/u_binary2bcd/data_shift[31]                                                                                    | u_hs_dual_da/u_seg_led/u_binary2bcd/sys_rst_n |                1 |              4 |         4.00 |
|  u_clk_wiz_0/inst/clk_out3 | u_hs_dual_da/u_seg_led/u_binary2bcd/data_shift[43]                                                                                    | u_hs_dual_da/u_seg_led/u_binary2bcd/sys_rst_n |                1 |              4 |         4.00 |
|  u_clk_wiz_0/inst/clk_out3 | u_hs_dual_da/u_seg_led/u_binary2bcd/data_shift[23]                                                                                    | u_hs_dual_da/u_seg_led/u_binary2bcd/sys_rst_n |                1 |              4 |         4.00 |
|  u_clk_wiz_0/inst/clk_out3 | u_hs_dual_da/u_uart_tx/tx_cnt[3]_i_1_n_0                                                                                              | u_hs_dual_da/u_seg_led/u_binary2bcd/sys_rst_n |                1 |              4 |         4.00 |
|  u_clk_wiz_0/inst/clk_out3 | u_hs_dual_da/u_seg_led/u_binary2bcd/cnt_shift[6]_i_1_n_0                                                                              | u_hs_dual_da/u_seg_led/u_binary2bcd/sys_rst_n |                2 |              7 |         3.50 |
|  u_clk_wiz_0/inst/clk_out3 | u_hs_dual_da/u_mnist_tx_controller/shift_reg                                                                                          | u_hs_dual_da/u_seg_led/u_binary2bcd/sys_rst_n |                2 |              7 |         3.50 |
|  usb_clk_60m_IBUF_BUFG     | u_phase_lock_simple/cooldown_win[6]_i_1_n_0                                                                                           | u_hs_adc_top_60m/sys_rst_n                    |                2 |              7 |         3.50 |
|  usb_clk_60m_IBUF_BUFG     | u_hs_adc_top_60m/u_adc_to_usb_60m/sample_count[6]_i_1_n_0                                                                             | u_hs_adc_top_60m/sys_rst_n                    |                2 |              7 |         3.50 |
|  usb_clk_60m_IBUF_BUFG     | u_hs_adc_top_60m/u_adc_to_usb_60m/phase_sample_count[6]_i_1_n_0                                                                       | u_hs_adc_top_60m/sys_rst_n                    |                2 |              7 |         3.50 |
|  usb_clk_60m_IBUF_BUFG     | u_hs_adc_top_60m/u_fifo_adc_usb/U0/inst_fifo_gen/gconvfifo.rf/grf.rf/gntv_or_sync_fifo.gl0.rd/gr1.gr1_int.rfwft/E[0]                  | u_hs_adc_top_60m/sys_rst_n                    |                1 |              8 |         8.00 |
|  usb_clk_60m_IBUF_BUFG     | u_phase_detector/holdoff_cnt[7]_i_1_n_0                                                                                               | u_hs_adc_top_60m/sys_rst_n                    |                2 |              8 |         4.00 |
|  usb_clk_60m_IBUF_BUFG     | u_hs_adc_top_60m/u_adc_to_usb_60m/adc_ringbuf[1][11]_i_1_n_0                                                                          | u_hs_adc_top_60m/sys_rst_n                    |                2 |             12 |         6.00 |
|  usb_clk_60m_IBUF_BUFG     | u_hs_adc_top_60m/u_adc_to_usb_60m/adc_ringbuf[0][11]_i_1_n_0                                                                          | u_hs_adc_top_60m/sys_rst_n                    |                2 |             12 |         6.00 |
|  usb_clk_60m_IBUF_BUFG     | u_hs_adc_top_60m/u_adc_to_usb_60m/adc_ringbuf[20][11]_i_1_n_0                                                                         | u_hs_adc_top_60m/sys_rst_n                    |                3 |             12 |         4.00 |
|  usb_clk_60m_IBUF_BUFG     | u_hs_adc_top_60m/u_adc_to_usb_60m/adc_ringbuf[12][11]_i_1_n_0                                                                         | u_hs_adc_top_60m/sys_rst_n                    |                3 |             12 |         4.00 |
|  usb_clk_60m_IBUF_BUFG     | u_hs_adc_top_60m/u_adc_to_usb_60m/adc_ringbuf[14][11]_i_1_n_0                                                                         | u_hs_adc_top_60m/sys_rst_n                    |                3 |             12 |         4.00 |
|  usb_clk_60m_IBUF_BUFG     | u_hs_adc_top_60m/u_adc_to_usb_60m/adc_ringbuf[15][11]_i_1_n_0                                                                         | u_hs_adc_top_60m/sys_rst_n                    |                3 |             12 |         4.00 |
|  usb_clk_60m_IBUF_BUFG     | u_hs_adc_top_60m/u_adc_to_usb_60m/adc_data_reg[11]_i_1_n_0                                                                            | u_hs_adc_top_60m/sys_rst_n                    |                3 |             12 |         4.00 |
|  usb_clk_60m_IBUF_BUFG     | u_hs_adc_top_60m/u_adc_to_usb_60m/adc_ringbuf[17][11]_i_1_n_0                                                                         | u_hs_adc_top_60m/sys_rst_n                    |                4 |             12 |         3.00 |
|  usb_clk_60m_IBUF_BUFG     | u_hs_adc_top_60m/u_adc_to_usb_60m/adc_ringbuf[21][11]_i_1_n_0                                                                         | u_hs_adc_top_60m/sys_rst_n                    |                4 |             12 |         3.00 |
|  usb_clk_60m_IBUF_BUFG     | u_hs_adc_top_60m/u_adc_to_usb_60m/adc_ringbuf[22][11]_i_1_n_0                                                                         | u_hs_adc_top_60m/sys_rst_n                    |                5 |             12 |         2.40 |
|  usb_clk_60m_IBUF_BUFG     | u_hs_adc_top_60m/u_adc_to_usb_60m/adc_ringbuf[24][11]_i_1_n_0                                                                         | u_hs_adc_top_60m/sys_rst_n                    |                4 |             12 |         3.00 |
|  usb_clk_60m_IBUF_BUFG     | u_hs_adc_top_60m/u_adc_to_usb_60m/adc_ringbuf[19][11]_i_1_n_0                                                                         | u_hs_adc_top_60m/sys_rst_n                    |                2 |             12 |         6.00 |
|  usb_clk_60m_IBUF_BUFG     | u_hs_adc_top_60m/u_adc_to_usb_60m/adc_ringbuf[18][11]_i_1_n_0                                                                         | u_hs_adc_top_60m/sys_rst_n                    |                4 |             12 |         3.00 |
|  usb_clk_60m_IBUF_BUFG     | u_hs_adc_top_60m/u_adc_to_usb_60m/adc_ringbuf[13][11]_i_1_n_0                                                                         | u_hs_adc_top_60m/sys_rst_n                    |                5 |             12 |         2.40 |
|  usb_clk_60m_IBUF_BUFG     | u_hs_adc_top_60m/u_adc_to_usb_60m/adc_ringbuf[11][11]_i_1_n_0                                                                         | u_hs_adc_top_60m/sys_rst_n                    |                3 |             12 |         4.00 |
|  usb_clk_60m_IBUF_BUFG     | u_hs_adc_top_60m/u_adc_to_usb_60m/adc_ringbuf[5][11]_i_1_n_0                                                                          | u_hs_adc_top_60m/sys_rst_n                    |                4 |             12 |         3.00 |
|  usb_clk_60m_IBUF_BUFG     | u_hs_adc_top_60m/u_adc_to_usb_60m/adc_ringbuf[27][11]_i_1_n_0                                                                         | u_hs_adc_top_60m/sys_rst_n                    |                3 |             12 |         4.00 |
|  usb_clk_60m_IBUF_BUFG     | u_hs_adc_top_60m/u_adc_to_usb_60m/adc_ringbuf[7][11]_i_1_n_0                                                                          | u_hs_adc_top_60m/sys_rst_n                    |                5 |             12 |         2.40 |
|  usb_clk_60m_IBUF_BUFG     | u_hs_adc_top_60m/u_adc_to_usb_60m/adc_ringbuf[9][11]_i_1_n_0                                                                          | u_hs_adc_top_60m/sys_rst_n                    |                5 |             12 |         2.40 |
|  usb_clk_60m_IBUF_BUFG     | u_hs_adc_top_60m/u_adc_to_usb_60m/adc_ringbuf[28][11]_i_1_n_0                                                                         | u_hs_adc_top_60m/sys_rst_n                    |                3 |             12 |         4.00 |
|  usb_clk_60m_IBUF_BUFG     | u_hs_adc_top_60m/u_adc_to_usb_60m/adc_ringbuf[3][11]_i_1_n_0                                                                          | u_hs_adc_top_60m/sys_rst_n                    |                2 |             12 |         6.00 |
|  usb_clk_60m_IBUF_BUFG     | u_hs_adc_top_60m/u_adc_to_usb_60m/adc_ringbuf[29][11]_i_1_n_0                                                                         | u_hs_adc_top_60m/sys_rst_n                    |                2 |             12 |         6.00 |
|  usb_clk_60m_IBUF_BUFG     | u_hs_adc_top_60m/u_adc_to_usb_60m/adc_ringbuf[6][11]_i_1_n_0                                                                          | u_hs_adc_top_60m/sys_rst_n                    |                4 |             12 |         3.00 |
|  usb_clk_60m_IBUF_BUFG     | u_hs_adc_top_60m/u_adc_to_usb_60m/adc_ringbuf[2][11]_i_1_n_0                                                                          | u_hs_adc_top_60m/sys_rst_n                    |                2 |             12 |         6.00 |
|  usb_clk_60m_IBUF_BUFG     | u_hs_adc_top_60m/u_adc_to_usb_60m/adc_ringbuf[8][11]_i_1_n_0                                                                          | u_hs_adc_top_60m/sys_rst_n                    |                2 |             12 |         6.00 |
|  usb_clk_60m_IBUF_BUFG     | u_hs_adc_top_60m/u_adc_to_usb_60m/adc_ringbuf[4][11]_i_1_n_0                                                                          | u_hs_adc_top_60m/sys_rst_n                    |                2 |             12 |         6.00 |
|  usb_clk_60m_IBUF_BUFG     | u_hs_adc_top_60m/u_adc_to_usb_60m/adc_valid_decim_pulse_reg_n_0                                                                       | u_hs_adc_top_60m/sys_rst_n                    |                4 |             12 |         3.00 |
|  usb_clk_60m_IBUF_BUFG     | u_hs_adc_top_60m/u_adc_to_usb_60m/adc_valid_decim_pulse7_out                                                                          | u_hs_adc_top_60m/sys_rst_n                    |                4 |             12 |         3.00 |
|  usb_clk_60m_IBUF_BUFG     | u_hs_adc_top_60m/u_adc_to_usb_60m/phase_sample_pending[11]_i_1_n_0                                                                    | u_hs_adc_top_60m/sys_rst_n                    |                2 |             12 |         6.00 |
|  usb_clk_60m_IBUF_BUFG     | u_hs_adc_top_60m/u_adc_to_usb_60m/phase_sample_curr[11]_i_1_n_0                                                                       | u_hs_adc_top_60m/sys_rst_n                    |                4 |             12 |         3.00 |
|  usb_clk_60m_IBUF_BUFG     | u_hs_adc_top_60m/u_adc_filter/last_valid_value0                                                                                       | u_hs_adc_top_60m/sys_rst_n                    |                5 |             12 |         2.40 |
|  usb_clk_60m_IBUF_BUFG     | u_hs_adc_top_60m/u_adc_to_usb_60m/adc_ringbuf[10][11]_i_1_n_0                                                                         | u_hs_adc_top_60m/sys_rst_n                    |                3 |             12 |         4.00 |
|  usb_clk_60m_IBUF_BUFG     | u_hs_adc_top_60m/u_adc_to_usb_60m/adc_ringbuf[16][11]_i_1_n_0                                                                         | u_hs_adc_top_60m/sys_rst_n                    |                5 |             12 |         2.40 |
|  usb_clk_60m_IBUF_BUFG     | u_hs_adc_top_60m/u_adc_to_usb_60m/adc_ringbuf[23][11]_i_1_n_0                                                                         | u_hs_adc_top_60m/sys_rst_n                    |                5 |             12 |         2.40 |
|  usb_clk_60m_IBUF_BUFG     | u_hs_adc_top_60m/u_adc_to_usb_60m/adc_ringbuf[25][11]_i_1_n_0                                                                         | u_hs_adc_top_60m/sys_rst_n                    |                3 |             12 |         4.00 |
|  usb_clk_60m_IBUF_BUFG     | u_hs_adc_top_60m/u_adc_to_usb_60m/adc_ringbuf[26][11]_i_1_n_0                                                                         | u_hs_adc_top_60m/sys_rst_n                    |                3 |             12 |         4.00 |
|  usb_clk_60m_IBUF_BUFG     | u_hs_adc_top_60m/u_adc_filter/adc_valid_out_reg_0[0]                                                                                  | u_hs_adc_top_60m/sys_rst_n                    |                5 |             13 |         2.60 |
|  usb_clk_60m_IBUF_BUFG     | u_hs_adc_top_60m/u_adc_capture_60m/capture_data                                                                                       | u_hs_adc_top_60m/sys_rst_n                    |                6 |             13 |         2.17 |
|  usb_clk_60m_IBUF_BUFG     | u_phase_detector/phase_updated_reg_0[0]                                                                                               |                                               |                5 |             16 |         3.20 |
|  u_clk_wiz_0/inst/clk_out3 | u_hs_dual_da/u_da_wave_send/u_key_debounce/addr_step_reg_reg[11]                                                                      | u_hs_dual_da/u_seg_led/u_binary2bcd/sys_rst_n |                4 |             16 |         4.00 |
|  u_clk_wiz_0/inst/clk_out3 | u_hs_dual_da/u_mnist_tx_controller/bit_duration_cnt[15]_i_1_n_0                                                                       | u_hs_dual_da/u_seg_led/u_binary2bcd/sys_rst_n |                4 |             16 |         4.00 |
|  usb_clk_60m_IBUF_BUFG     | u_phase_detector/zc_pulse                                                                                                             | u_hs_adc_top_60m/sys_rst_n                    |                7 |             16 |         2.29 |
|  u_clk_wiz_0/inst/clk_out3 | u_hs_dual_da/u_mnist_tx_controller/rom_index[16]_i_1_n_0                                                                              | u_hs_dual_da/u_seg_led/u_binary2bcd/sys_rst_n |                3 |             17 |         5.67 |
|  u_clk_wiz_0/inst/clk_out3 | u_hs_dual_da/u_seg_led/u_binary2bcd/data_shift[19]                                                                                    | u_hs_dual_da/u_seg_led/u_binary2bcd/sys_rst_n |                4 |             20 |         5.00 |
|  u_clk_wiz_0/inst/clk_out3 | u_hs_dual_da/u_da_wave_send/u_key_debounce/press_cnt[23]_i_1__0_n_0                                                                   | u_hs_dual_da/u_seg_led/u_binary2bcd/sys_rst_n |                7 |             24 |         3.43 |
|  u_clk_wiz_0/inst/clk_out3 | u_hs_dual_da/u_seg_led/u_binary2bcd/bcd_data                                                                                          | u_hs_dual_da/u_seg_led/u_binary2bcd/sys_rst_n |                9 |             24 |         2.67 |
|  usb_clk_60m_IBUF_BUFG     | u_hs_adc_top_60m/u_adc_filter/bit_seq_60m_sync2_reg[0]                                                                                | u_hs_adc_top_60m/sys_rst_n                    |                7 |             24 |         3.43 |
|  u_clk_wiz_0/inst/clk_out3 | u_hs_dual_da/u_key2_debounce/press_cnt[23]_i_1_n_0                                                                                    | u_hs_dual_da/u_seg_led/u_binary2bcd/sys_rst_n |                6 |             24 |         4.00 |
|  u_clk_wiz_0/inst/clk_out3 | u_key3_debounce/press_cnt[23]_i_1__1_n_0                                                                                              | u_hs_adc_top_60m/sys_rst_n                    |                5 |             24 |         4.80 |
|  usb_clk_60m_IBUF_BUFG     | u_hs_adc_top_60m/u_fifo_adc_usb/U0/inst_fifo_gen/gconvfifo.rf/grf.rf/gntv_or_sync_fifo.gl0.wr/gwss.wsts/E[0]                          | u_hs_adc_top_60m/sys_rst_n                    |                6 |             26 |         4.33 |
|  usb_clk_60m_IBUF_BUFG     | u_hs_adc_top_60m/u_fifo_adc_usb/U0/inst_fifo_gen/gconvfifo.rf/grf.rf/gntv_or_sync_fifo.gl0.rd/gr1.gr1_int.rfwft/ram_empty_fb_i_reg[0] | u_hs_adc_top_60m/sys_rst_n                    |                6 |             26 |         4.33 |
|  usb_clk_60m_IBUF_BUFG     | u_hs_adc_top_60m/u_key_phase_switch/press_cnt[25]_i_1_n_0                                                                             | u_hs_adc_top_60m/sys_rst_n                    |                6 |             26 |         4.33 |
|  usb_clk_60m_IBUF_BUFG     | u_phase_detector/phase_strobe                                                                                                         | u_hs_adc_top_60m/sys_rst_n                    |                7 |             26 |         3.71 |
|  u_clk_wiz_0/inst/clk_out3 |                                                                                                                                       |                                               |               19 |             34 |         1.79 |
|  u_clk_wiz_0/inst/clk_out3 |                                                                                                                                       | u_hs_adc_top_60m/sys_rst_n                    |               17 |             46 |         2.71 |
|  usb_clk_60m_IBUF_BUFG     | u_hs_adc_top_60m/u_adc_filter/E[0]                                                                                                    | u_hs_adc_top_60m/sys_rst_n                    |               22 |             66 |         3.00 |
|  u_clk_wiz_0/inst/clk_out3 |                                                                                                                                       | u_hs_dual_da/u_seg_led/u_binary2bcd/sys_rst_n |               50 |            186 |         3.72 |
|  usb_clk_60m_IBUF_BUFG     |                                                                                                                                       | u_hs_adc_top_60m/sys_rst_n                    |               60 |            188 |         3.13 |
+----------------------------+---------------------------------------------------------------------------------------------------------------------------------------+-----------------------------------------------+------------------+----------------+--------------+


