Copyright 1986-2020 Xilinx, Inc. All Rights Reserved.
------------------------------------------------------------------------------------
| Tool Version : Vivado v.2020.2 (win64) Build 3064766 Wed Nov 18 09:12:45 MST 2020
| Date         : Fri Aug 25 17:16:33 2023
| Host         : DESKTOP-HN5R6GK running 64-bit major release  (build 9200)
| Command      : upgrade_ip
| Device       : xc7a35tfgg484-2
------------------------------------------------------------------------------------

Upgrade Log for IP 'rom_1024x10b'

1. Summary
----------

SUCCESS in the conversion of rom_1024x10b (xilinx.com:ip:blk_mem_gen:8.4 (Rev. 4)) to Vivado generation flows.






Copyright 1986-2020 Xilinx, Inc. All Rights Reserved.
------------------------------------------------------------------------------------
| Tool Version : Vivado v.2020.2 (win64) Build 3064766 Wed Nov 18 09:12:45 MST 2020
| Date         : Fri Aug 25 17:16:26 2023
| Host         : DESKTOP-HN5R6GK running 64-bit major release  (build 9200)
| Command      : upgrade_ip
| Device       : xc7a35tfgg484-2
------------------------------------------------------------------------------------

Upgrade Log for IP 'clk_wiz_0'

1. Summary
----------

SUCCESS in the conversion of clk_wiz_0 (xilinx.com:ip:clk_wiz:6.0 (Rev. 6)) to Vivado generation flows.






Copyright 1986-2020 Xilinx, Inc. All Rights Reserved.
------------------------------------------------------------------------------------
| Tool Version : Vivado v.2020.2 (win64) Build 3064766 Wed Nov 18 09:12:45 MST 2020
| Date         : Wed Jun 21 10:22:08 2023
| Host         : DESKTOP-HL6DT46 running 64-bit major release  (build 9200)
| Command      : upgrade_ip
| Device       : xc7z020clg400-2
------------------------------------------------------------------------------------

Upgrade Log for IP 'rom_1024x10b'

1. Summary
----------

SUCCESS in the conversion of rom_1024x10b (xilinx.com:ip:blk_mem_gen:8.4 (Rev. 4)) to Vivado generation flows.






Copyright 1986-2020 Xilinx, Inc. All Rights Reserved.
------------------------------------------------------------------------------------
| Tool Version : Vivado v.2020.2 (win64) Build 3064766 Wed Nov 18 09:12:45 MST 2020
| Date         : Wed Jun 21 10:21:51 2023
| Host         : DESKTOP-HL6DT46 running 64-bit major release  (build 9200)
| Command      : upgrade_ip
| Device       : xc7z020clg400-2
------------------------------------------------------------------------------------

Upgrade Log for IP 'clk_wiz_0'

1. Summary
----------

SUCCESS in the conversion of clk_wiz_0 (xilinx.com:ip:clk_wiz:6.0 (Rev. 6)) to Vivado generation flows.

